<?xml version="1.0" encoding="UTF-8"?>
<!-- Generated by org.testng.reporters.JUnitXMLReporter -->
<testsuite hostname="UKLF3GWKC2" ignored="0" name="Default test(failed)" tests="5" failures="0" timestamp="15 May 2019 09:00:19 GMT" time="0.394" errors="0">
  <testcase name="@BeforeTest Test" time="0.0" classname="cucumberOptions.TestRunner">
    <failure type="org.testng.TestNGException" message="
Parameter &amp;apos;Application&amp;apos; is required by BeforeTest on method Test but has not been marked @Optional or defined
in C:\CBE local Automation\STAX-Smoke\test-output\Default suite\testng-failed.xml">
      <![CDATA[org.testng.TestNGException: 
Parameter 'Application' is required by BeforeTest on method Test but has not been marked @Optional or defined
in C:\CBE local Automation\STAX-Smoke\test-output\Default suite\testng-failed.xml
... Removed 21 stack frames]]>
    </failure>
  </testcase> <!-- @BeforeTest Test -->
  <testcase name="@AfterTest tearDown" time="0.0" classname="cucumberOptions.TestRunner">
    <skipped/>
  </testcase> <!-- @AfterTest tearDown -->
  <testcase name="feature" time="0.0" classname="cucumber.api.testng.AbstractTestNGCucumberTests">
    <skipped/>
  </testcase> <!-- feature -->
  <testcase name="feature" time="0.0" classname="cucumber.api.testng.AbstractTestNGCucumberTests">
    <skipped/>
  </testcase> <!-- feature -->
  <testcase name="feature" time="0.0" classname="cucumber.api.testng.AbstractTestNGCucumberTests">
    <skipped/>
  </testcase> <!-- feature -->
  <testcase name="feature" time="0.0" classname="cucumber.api.testng.AbstractTestNGCucumberTests">
    <skipped/>
  </testcase> <!-- feature -->
  <testcase name="feature" time="0.0" classname="cucumber.api.testng.AbstractTestNGCucumberTests">
    <skipped/>
  </testcase> <!-- feature -->
</testsuite> <!-- Default test(failed) -->
