<?xml version="1.0" encoding="UTF-8"?>
<!-- Generated by org.testng.reporters.JUnitXMLReporter -->
<testsuite hostname="UKLF3GWKC2" ignored="0" name="Default test" tests="9" failures="0" timestamp="07 Jun 2019 10:04:21 GMT" time="0.414" errors="0">
  <testcase name="@BeforeTest Test" time="0.0" classname="cucumberOptions.TestRunner">
    <failure type="org.testng.TestNGException" message="
Parameter &amp;apos;Application&amp;apos; is required by BeforeTest on method Test but has not been marked @Optional or defined
in C:\Users\Kiranmai.adams\AppData\Local\Temp\testng-eclipse-1537435821\testng-customsuite.xml">
      <![CDATA[org.testng.TestNGException: 
Parameter 'Application' is required by BeforeTest on method Test but has not been marked @Optional or defined
in C:\Users\Kiranmai.adams\AppData\Local\Temp\testng-eclipse-1537435821\testng-customsuite.xml
at org.testng.internal.Parameters.createParams(Parameters.java:290)
at org.testng.internal.Parameters.createParametersForMethod(Parameters.java:359)
at org.testng.internal.Parameters.createParameters(Parameters.java:620)
at org.testng.internal.Parameters.createConfigurationParameters(Parameters.java:190)
at org.testng.internal.Invoker.invokeConfigurations(Invoker.java:209)
at org.testng.internal.Invoker.invokeConfigurations(Invoker.java:142)
at org.testng.TestRunner.beforeRun(TestRunner.java:529)
at org.testng.TestRunner.run(TestRunner.java:497)
at org.testng.SuiteRunner.runTest(SuiteRunner.java:455)
at org.testng.SuiteRunner.runSequentially(SuiteRunner.java:450)
at org.testng.SuiteRunner.privateRun(SuiteRunner.java:415)
at org.testng.SuiteRunner.run(SuiteRunner.java:364)
at org.testng.SuiteRunnerWorker.runSuite(SuiteRunnerWorker.java:52)
at org.testng.SuiteRunnerWorker.run(SuiteRunnerWorker.java:84)
at org.testng.TestNG.runSuitesSequentially(TestNG.java:1208)
at org.testng.TestNG.runSuitesLocally(TestNG.java:1137)
at org.testng.TestNG.runSuites(TestNG.java:1049)
at org.testng.TestNG.run(TestNG.java:1017)
at org.testng.remote.AbstractRemoteTestNG.run(AbstractRemoteTestNG.java:115)
at org.testng.remote.RemoteTestNG.initAndRun(RemoteTestNG.java:251)
at org.testng.remote.RemoteTestNG.main(RemoteTestNG.java:77)
]]>
    </failure>
  </testcase> <!-- @BeforeTest Test -->
  <testcase name="@AfterTest tearDown" time="0.0" classname="cucumberOptions.TestRunner">
    <skipped/>
  </testcase> <!-- @AfterTest tearDown -->
  <testcase name="feature" time="0.0" classname="cucumber.api.testng.AbstractTestNGCucumberTests">
    <skipped/>
  </testcase> <!-- feature -->
  <testcase name="MovePriceSliderToLeft" time="0.0" classname="Implementations.HomeLeftImpl">
    <skipped/>
  </testcase> <!-- MovePriceSliderToLeft -->
  <testcase name="MovePriceSliderToRight" time="0.0" classname="Implementations.HomeLeftImpl">
    <skipped/>
  </testcase> <!-- MovePriceSliderToRight -->
  <testcase name="SelectToursWithPromotions" time="0.0" classname="Implementations.HomeLeftImpl">
    <skipped/>
  </testcase> <!-- SelectToursWithPromotions -->
  <testcase name="SetPricePerTrip" time="0.0" classname="Implementations.HomeLeftImpl">
    <skipped/>
  </testcase> <!-- SetPricePerTrip -->
  <testcase name="VerifyHighestPriceAccordingToSlider" time="0.0" classname="Implementations.HomeLeftImpl">
    <skipped/>
  </testcase> <!-- VerifyHighestPriceAccordingToSlider -->
  <testcase name="VerifyLowestPriceAccordingToSlider" time="0.0" classname="Implementations.HomeLeftImpl">
    <skipped/>
  </testcase> <!-- VerifyLowestPriceAccordingToSlider -->
  <testcase name="VerifyTourPromotionsContent" time="0.0" classname="Implementations.HomeLeftImpl">
    <skipped/>
  </testcase> <!-- VerifyTourPromotionsContent -->
  <testcase name="VerifyToursWithPromotionsCount" time="0.0" classname="Implementations.HomeLeftImpl">
    <skipped/>
  </testcase> <!-- VerifyToursWithPromotionsCount -->
</testsuite> <!-- Default test -->
