<?xml version="1.0" encoding="UTF-8"?>
<!-- Generated by org.testng.reporters.JUnitReportReporter -->
<testsuite skipped="5" hostname="UKLF3GWKC2" name="StepDefinitions.Testtt" tests="6" failures="0" timestamp="17 Apr 2019 20:10:58 GMT" time="0.000" errors="1">
  <testcase name="feature" time="0.000" classname="StepDefinitions.Testtt">
    <skipped/>
  </testcase> <!-- feature -->
  <testcase name="user_initilised_browser" time="0.000" classname="StepDefinitions.Testtt">
    <skipped/>
  </testcase> <!-- user_initilised_browser -->
  <testcase name="main" time="0.000" classname="StepDefinitions.Testtt">
    <skipped/>
  </testcase> <!-- main -->
  <testcase name="opens_the_url" time="0.000" classname="StepDefinitions.Testtt">
    <skipped/>
  </testcase> <!-- opens_the_url -->
  <testcase name="Test" time="0.000" classname="StepDefinitions.Testtt">
    <error type="org.testng.TestNGException" message="
Parameter &#039;Application&#039; is required by BeforeTest on method Test but has not been marked @Optional or defined
in C:\Users\Kiranmai.adams\AppData\Local\Temp\testng-eclipse--766727744\testng-customsuite.xml">
      <![CDATA[org.testng.TestNGException: 
Parameter 'Application' is required by BeforeTest on method Test but has not been marked @Optional or defined
in C:\Users\Kiranmai.adams\AppData\Local\Temp\testng-eclipse--766727744\testng-customsuite.xml
at org.testng.internal.Parameters.createParams(Parameters.java:290)
at org.testng.internal.Parameters.createParametersForMethod(Parameters.java:359)
at org.testng.internal.Parameters.createParameters(Parameters.java:620)
at org.testng.internal.Parameters.createConfigurationParameters(Parameters.java:190)
at org.testng.internal.Invoker.invokeConfigurations(Invoker.java:209)
at org.testng.internal.Invoker.invokeConfigurations(Invoker.java:142)
at org.testng.TestRunner.beforeRun(TestRunner.java:529)
at org.testng.TestRunner.run(TestRunner.java:497)
at org.testng.SuiteRunner.runTest(SuiteRunner.java:455)
at org.testng.SuiteRunner.runSequentially(SuiteRunner.java:450)
at org.testng.SuiteRunner.privateRun(SuiteRunner.java:415)
at org.testng.SuiteRunner.run(SuiteRunner.java:364)
at org.testng.SuiteRunnerWorker.runSuite(SuiteRunnerWorker.java:52)
at org.testng.SuiteRunnerWorker.run(SuiteRunnerWorker.java:84)
at org.testng.TestNG.runSuitesSequentially(TestNG.java:1208)
at org.testng.TestNG.runSuitesLocally(TestNG.java:1137)
at org.testng.TestNG.runSuites(TestNG.java:1049)
at org.testng.TestNG.run(TestNG.java:1017)
at org.testng.remote.AbstractRemoteTestNG.run(AbstractRemoteTestNG.java:115)
at org.testng.remote.RemoteTestNG.initAndRun(RemoteTestNG.java:251)
at org.testng.remote.RemoteTestNG.main(RemoteTestNG.java:77)
]]>
    </error>
  </testcase> <!-- Test -->
  <testcase name="LaunchApplication" time="0.000" classname="StepDefinitions.Testtt">
    <skipped/>
  </testcase> <!-- LaunchApplication -->
</testsuite> <!-- StepDefinitions.Testtt -->
